<?xml version="1.0" encoding="UTF-8"?>
<!-- Generated by org.testng.reporters.JUnitReportReporter -->
<testsuite skipped="0" hostname="DESKTOP-VN78I9J" name="testNGSample.dataparameter" tests="3" failures="0" timestamp="15 Aug 2020 09:34:13 GMT" time="0.018" errors="0">
  <testcase name="login" time="0.012" classname="testNGSample.dataparameter"/>
  <testcase name="login" time="0.003" classname="testNGSample.dataparameter"/>
  <testcase name="login" time="0.003" classname="testNGSample.dataparameter"/>
</testsuite> <!-- testNGSample.dataparameter -->
