<?xml version="1.0" encoding="UTF-8"?>
<!-- Generated by org.testng.reporters.JUnitReportReporter -->
<testsuite skipped="0" hostname="DESKTOP-VN78I9J" name="testNGSample.ClassOne" tests="1" failures="0" timestamp="16 Aug 2020 07:44:56 GMT" time="0.001" errors="0">
  <testcase name="testOne" time="0.001" classname="testNGSample.ClassOne"/>
</testsuite> <!-- testNGSample.ClassOne -->
