<?xml version="1.0" encoding="UTF-8"?>
<!-- Generated by org.testng.reporters.JUnitReportReporter -->
<testsuite skipped="0" hostname="DESKTOP-VN78I9J" name="testNGSample1.ClassFive" tests="1" failures="0" timestamp="16 Aug 2020 07:44:56 GMT" time="0.002" errors="0">
  <testcase name="testFive" time="0.002" classname="testNGSample1.ClassFive"/>
</testsuite> <!-- testNGSample1.ClassFive -->
