<?xml version="1.0" encoding="UTF-8"?>
<!-- Generated by org.testng.reporters.JUnitReportReporter -->
<testsuite skipped="0" hostname="DESKTOP-VN78I9J" name="InheritanceDemo.TestClass4" tests="1" failures="0" timestamp="14 Aug 2020 10:32:24 GMT" time="0.009" errors="0">
  <testcase name="test" time="0.009" classname="InheritanceDemo.TestClass4"/>
</testsuite> <!-- InheritanceDemo.TestClass4 -->
